This file contains any messages produced by compilers while
running configure, to aid debugging if configure makes a mistake.

It was created by HTS configure 2.1, which was
generated by GNU Autoconf 2.59.  Invocation command line was

  $ ./configure --prefix=/home/jy.yang/bin/HTS-2.1.1

## --------- ##
## Platform. ##
## --------- ##

hostname = NLP16
uname -m = x86_64
uname -r = 3.11.0-15-generic
uname -s = Linux
uname -v = #25~precise1-Ubuntu SMP Thu Jan 30 17:39:31 UTC 2014

/usr/bin/uname -p = unknown
/bin/uname -X     = unknown

/bin/arch              = unknown
/usr/bin/arch -k       = unknown
/usr/convex/getsysinfo = unknown
hostinfo               = unknown
/bin/machine           = unknown
/usr/bin/oslevel       = unknown
/bin/universe          = unknown

PATH: /home/jy.yang/bin
PATH: /usr/local/sbin
PATH: /usr/local/bin
PATH: /usr/sbin
PATH: /usr/bin
PATH: /sbin
PATH: /bin
PATH: /usr/games


## ----------- ##
## Core tests. ##
## ----------- ##

configure:1374: checking whether make sets $(MAKE)
configure:1394: result: yes
configure:1407: checking for gawk
configure:1423: found /usr/bin/gawk
configure:1433: result: gawk
configure:1489: checking for gcc
configure:1505: found /usr/bin/gcc
configure:1515: result: gcc
configure:1759: checking for C compiler version
configure:1762: gcc --version </dev/null >&5
gcc (Ubuntu 4.8.1-2ubuntu1~12.04) 4.8.1
Copyright (C) 2013 Free Software Foundation, Inc.
This is free software; see the source for copying conditions.  There is NO
warranty; not even for MERCHANTABILITY or FITNESS FOR A PARTICULAR PURPOSE.

configure:1765: $? = 0
configure:1767: gcc -v </dev/null >&5
Using built-in specs.
COLLECT_GCC=gcc
COLLECT_LTO_WRAPPER=/usr/lib/gcc/x86_64-linux-gnu/4.8/lto-wrapper
Target: x86_64-linux-gnu
Configured with: ../src/configure -v --with-pkgversion='Ubuntu 4.8.1-2ubuntu1~12.04' --with-bugurl=file:///usr/share/doc/gcc-4.8/README.Bugs --enable-languages=c,c++,java,go,d,fortran,objc,obj-c++ --prefix=/usr --program-suffix=-4.8 --enable-shared --enable-linker-build-id --libexecdir=/usr/lib --without-included-gettext --enable-threads=posix --with-gxx-include-dir=/usr/include/c++/4.8 --libdir=/usr/lib --enable-nls --with-sysroot=/ --enable-clocale=gnu --enable-libstdcxx-debug --enable-libstdcxx-time=yes --enable-gnu-unique-object --enable-plugin --with-system-zlib --disable-browser-plugin --enable-java-awt=gtk --enable-gtk-cairo --with-java-home=/usr/lib/jvm/java-1.5.0-gcj-4.8-amd64/jre --enable-java-home --with-jvm-root-dir=/usr/lib/jvm/java-1.5.0-gcj-4.8-amd64 --with-jvm-jar-dir=/usr/lib/jvm-exports/java-1.5.0-gcj-4.8-amd64 --with-arch-directory=amd64 --with-ecj-jar=/usr/share/java/eclipse-ecj.jar --enable-objc-gc --enable-multiarch --disable-werror --with-arch-32=i686 --with-abi=m64 --with-multilib-list=m32,m64 --with-tune=generic --enable-checking=release --build=x86_64-linux-gnu --host=x86_64-linux-gnu --target=x86_64-linux-gnu
Thread model: posix
gcc version 4.8.1 (Ubuntu 4.8.1-2ubuntu1~12.04) 
configure:1770: $? = 0
configure:1772: gcc -V </dev/null >&5
gcc: error: unrecognized command line option '-V'
gcc: fatal error: no input files
compilation terminated.
configure:1775: $? = 4
configure:1798: checking for C compiler default output file name
configure:1801: gcc    conftest.c  >&5
configure:1804: $? = 0
configure:1850: result: a.out
configure:1855: checking whether the C compiler works
configure:1861: ./a.out
configure:1864: $? = 0
configure:1881: result: yes
configure:1888: checking whether we are cross compiling
configure:1890: result: no
configure:1893: checking for suffix of executables
configure:1895: gcc -o conftest    conftest.c  >&5
configure:1898: $? = 0
configure:1923: result: 
configure:1929: checking for suffix of object files
configure:1950: gcc -c   conftest.c >&5
configure:1953: $? = 0
configure:1975: result: o
configure:1979: checking whether we are using the GNU C compiler
configure:2003: gcc -c   conftest.c >&5
configure:2009: $? = 0
configure:2013: test -z 
			 || test ! -s conftest.err
configure:2016: $? = 0
configure:2019: test -s conftest.o
configure:2022: $? = 0
configure:2035: result: yes
configure:2041: checking whether gcc accepts -g
configure:2062: gcc -c -g  conftest.c >&5
configure:2068: $? = 0
configure:2072: test -z 
			 || test ! -s conftest.err
configure:2075: $? = 0
configure:2078: test -s conftest.o
configure:2081: $? = 0
configure:2092: result: yes
configure:2109: checking for gcc option to accept ANSI C
configure:2179: gcc  -c -g -O2  conftest.c >&5
configure:2185: $? = 0
configure:2189: test -z 
			 || test ! -s conftest.err
configure:2192: $? = 0
configure:2195: test -s conftest.o
configure:2198: $? = 0
configure:2216: result: none needed
configure:2234: gcc -c -g -O2  conftest.c >&5
conftest.c:2:3: error: unknown type name 'choke'
   choke me
   ^
conftest.c:2:3: error: expected '=', ',', ';', 'asm' or '__attribute__' at end of input
configure:2240: $? = 1
configure: failed program was:
| #ifndef __cplusplus
|   choke me
| #endif
configure:2411: checking for a BSD-compatible install
configure:2466: result: /usr/bin/install -c
configure:2477: checking whether ln -s works
configure:2481: result: yes
configure:2529: checking for ranlib
configure:2545: found /usr/bin/ranlib
configure:2556: result: ranlib
configure:2614: checking for ar
configure:2630: found /usr/bin/ar
configure:2641: result: ar
configure:2657: checking for main in -lX11
configure:2681: gcc -o conftest -g -O2   conftest.c -lX11   >&5
configure:2687: $? = 0
configure:2691: test -z 
			 || test ! -s conftest.err
configure:2694: $? = 0
configure:2697: test -s conftest
configure:2700: $? = 0
configure:2713: result: yes
configure:2725: checking for main in -lm
configure:2749: gcc -o conftest -g -O2   conftest.c -lm  -lX11  >&5
configure:2755: $? = 0
configure:2759: test -z 
			 || test ! -s conftest.err
configure:2762: $? = 0
configure:2765: test -s conftest
configure:2768: $? = 0
configure:2781: result: yes
configure:2849: checking for g77
configure:2878: result: no
configure:2849: checking for f77
configure:2878: result: no
configure:2849: checking for xlf
configure:2878: result: no
configure:2849: checking for frt
configure:2878: result: no
configure:2849: checking for pgf77
configure:2878: result: no
configure:2849: checking for fort77
configure:2878: result: no
configure:2849: checking for fl32
configure:2878: result: no
configure:2849: checking for af77
configure:2878: result: no
configure:2849: checking for f90
configure:2878: result: no
configure:2849: checking for xlf90
configure:2878: result: no
configure:2849: checking for pgf90
configure:2878: result: no
configure:2849: checking for epcf90
configure:2878: result: no
configure:2849: checking for f95
configure:2878: result: no
configure:2849: checking for fort
configure:2878: result: no
configure:2849: checking for xlf95
configure:2878: result: no
configure:2849: checking for ifc
configure:2878: result: no
configure:2849: checking for efc
configure:2878: result: no
configure:2849: checking for pgf95
configure:2878: result: no
configure:2849: checking for lf95
configure:2878: result: no
configure:2849: checking for gfortran
configure:2878: result: no
configure:2890: checking for Fortran 77 compiler version
configure:2893:  --version </dev/null >&5
./configure: line 2894: --version: command not found
configure:2896: $? = 127
configure:2898:  -v </dev/null >&5
./configure: line 2899: -v: command not found
configure:2901: $? = 127
configure:2903:  -V </dev/null >&5
./configure: line 2904: -V: command not found
configure:2906: $? = 127
configure:2914: checking whether we are using the GNU Fortran 77 compiler
configure:2928:  -c  conftest.F >&5
./configure: line 2929: -c: command not found
configure:2934: $? = 127
configure: failed program was:
|       program main
| #ifndef __GNUC__
|        choke me
| #endif
| 
|       end
configure:2960: result: no
configure:2966: checking whether  accepts -g
configure:2978:  -c -g conftest.f >&5
./configure: line 2979: -c: command not found
configure:2984: $? = 127
configure: failed program was:
|       program main
| 
|       end
configure:3009: result: no
configure:3356: checking how to run the C preprocessor
configure:3391: gcc -E  conftest.c
configure:3397: $? = 0
configure:3429: gcc -E  conftest.c
conftest.c:11:28: fatal error: ac_nonexistent.h: No such file or directory
 #include <ac_nonexistent.h>
                            ^
compilation terminated.
configure:3435: $? = 1
configure: failed program was:
| /* confdefs.h.  */
| 
| #define PACKAGE_NAME "HTS"
| #define PACKAGE_TARNAME "hts"
| #define PACKAGE_VERSION "2.1"
| #define PACKAGE_STRING "HTS 2.1"
| #define PACKAGE_BUGREPORT "hts-users@sp.nitech.ac.jp"
| #define HAVE_LIBX11 1
| #define HAVE_LIBM 1
| /* end confdefs.h.  */
| #include <ac_nonexistent.h>
configure:3474: result: gcc -E
configure:3498: gcc -E  conftest.c
configure:3504: $? = 0
configure:3536: gcc -E  conftest.c
conftest.c:11:28: fatal error: ac_nonexistent.h: No such file or directory
 #include <ac_nonexistent.h>
                            ^
compilation terminated.
configure:3542: $? = 1
configure: failed program was:
| /* confdefs.h.  */
| 
| #define PACKAGE_NAME "HTS"
| #define PACKAGE_TARNAME "hts"
| #define PACKAGE_VERSION "2.1"
| #define PACKAGE_STRING "HTS 2.1"
| #define PACKAGE_BUGREPORT "hts-users@sp.nitech.ac.jp"
| #define HAVE_LIBX11 1
| #define HAVE_LIBM 1
| /* end confdefs.h.  */
| #include <ac_nonexistent.h>
configure:3586: checking for X
configure:3691: gcc -E  conftest.c
configure:3697: $? = 0
configure:3747: gcc -o conftest -g -O2   conftest.c -lX11 -lm -lX11  >&5
configure:3753: $? = 0
configure:3757: test -z 
			 || test ! -s conftest.err
configure:3760: $? = 0
configure:3763: test -s conftest
configure:3766: $? = 0
configure:3816: result: libraries , headers 
configure:3820: checking for egrep
configure:3830: result: grep -E
configure:3835: checking for ANSI C header files
configure:3860: gcc -c -g -O2  conftest.c >&5
configure:3866: $? = 0
configure:3870: test -z 
			 || test ! -s conftest.err
configure:3873: $? = 0
configure:3876: test -s conftest.o
configure:3879: $? = 0
configure:3968: gcc -o conftest -g -O2   conftest.c -lm -lX11  >&5
conftest.c: In function 'main':
conftest.c:28:7: warning: incompatible implicit declaration of built-in function 'exit' [enabled by default]
       exit(2);
       ^
configure:3971: $? = 0
configure:3973: ./conftest
configure:3976: $? = 0
configure:3991: result: yes
configure:4015: checking for sys/types.h
configure:4031: gcc -c -g -O2  conftest.c >&5
configure:4037: $? = 0
configure:4041: test -z 
			 || test ! -s conftest.err
configure:4044: $? = 0
configure:4047: test -s conftest.o
configure:4050: $? = 0
configure:4061: result: yes
configure:4015: checking for sys/stat.h
configure:4031: gcc -c -g -O2  conftest.c >&5
configure:4037: $? = 0
configure:4041: test -z 
			 || test ! -s conftest.err
configure:4044: $? = 0
configure:4047: test -s conftest.o
configure:4050: $? = 0
configure:4061: result: yes
configure:4015: checking for stdlib.h
configure:4031: gcc -c -g -O2  conftest.c >&5
configure:4037: $? = 0
configure:4041: test -z 
			 || test ! -s conftest.err
configure:4044: $? = 0
configure:4047: test -s conftest.o
configure:4050: $? = 0
configure:4061: result: yes
configure:4015: checking for string.h
configure:4031: gcc -c -g -O2  conftest.c >&5
configure:4037: $? = 0
configure:4041: test -z 
			 || test ! -s conftest.err
configure:4044: $? = 0
configure:4047: test -s conftest.o
configure:4050: $? = 0
configure:4061: result: yes
configure:4015: checking for memory.h
configure:4031: gcc -c -g -O2  conftest.c >&5
configure:4037: $? = 0
configure:4041: test -z 
			 || test ! -s conftest.err
configure:4044: $? = 0
configure:4047: test -s conftest.o
configure:4050: $? = 0
configure:4061: result: yes
configure:4015: checking for strings.h
configure:4031: gcc -c -g -O2  conftest.c >&5
configure:4037: $? = 0
configure:4041: test -z 
			 || test ! -s conftest.err
configure:4044: $? = 0
configure:4047: test -s conftest.o
configure:4050: $? = 0
configure:4061: result: yes
configure:4015: checking for inttypes.h
configure:4031: gcc -c -g -O2  conftest.c >&5
configure:4037: $? = 0
configure:4041: test -z 
			 || test ! -s conftest.err
configure:4044: $? = 0
configure:4047: test -s conftest.o
configure:4050: $? = 0
configure:4061: result: yes
configure:4015: checking for stdint.h
configure:4031: gcc -c -g -O2  conftest.c >&5
configure:4037: $? = 0
configure:4041: test -z 
			 || test ! -s conftest.err
configure:4044: $? = 0
configure:4047: test -s conftest.o
configure:4050: $? = 0
configure:4061: result: yes
configure:4015: checking for unistd.h
configure:4031: gcc -c -g -O2  conftest.c >&5
configure:4037: $? = 0
configure:4041: test -z 
			 || test ! -s conftest.err
configure:4044: $? = 0
configure:4047: test -s conftest.o
configure:4050: $? = 0
configure:4061: result: yes
configure:4098: checking errno.h usability
configure:4110: gcc -c -g -O2  conftest.c >&5
configure:4116: $? = 0
configure:4120: test -z 
			 || test ! -s conftest.err
configure:4123: $? = 0
configure:4126: test -s conftest.o
configure:4129: $? = 0
configure:4139: result: yes
configure:4143: checking errno.h presence
configure:4153: gcc -E  conftest.c
configure:4159: $? = 0
configure:4179: result: yes
configure:4214: checking for errno.h
configure:4221: result: yes
configure:4098: checking fcntl.h usability
configure:4110: gcc -c -g -O2  conftest.c >&5
configure:4116: $? = 0
configure:4120: test -z 
			 || test ! -s conftest.err
configure:4123: $? = 0
configure:4126: test -s conftest.o
configure:4129: $? = 0
configure:4139: result: yes
configure:4143: checking fcntl.h presence
configure:4153: gcc -E  conftest.c
configure:4159: $? = 0
configure:4179: result: yes
configure:4214: checking for fcntl.h
configure:4221: result: yes
configure:4098: checking float.h usability
configure:4110: gcc -c -g -O2  conftest.c >&5
configure:4116: $? = 0
configure:4120: test -z 
			 || test ! -s conftest.err
configure:4123: $? = 0
configure:4126: test -s conftest.o
configure:4129: $? = 0
configure:4139: result: yes
configure:4143: checking float.h presence
configure:4153: gcc -E  conftest.c
configure:4159: $? = 0
configure:4179: result: yes
configure:4214: checking for float.h
configure:4221: result: yes
configure:4098: checking limits.h usability
configure:4110: gcc -c -g -O2  conftest.c >&5
configure:4116: $? = 0
configure:4120: test -z 
			 || test ! -s conftest.err
configure:4123: $? = 0
configure:4126: test -s conftest.o
configure:4129: $? = 0
configure:4139: result: yes
configure:4143: checking limits.h presence
configure:4153: gcc -E  conftest.c
configure:4159: $? = 0
configure:4179: result: yes
configure:4214: checking for limits.h
configure:4221: result: yes
configure:4098: checking malloc.h usability
configure:4110: gcc -c -g -O2  conftest.c >&5
configure:4116: $? = 0
configure:4120: test -z 
			 || test ! -s conftest.err
configure:4123: $? = 0
configure:4126: test -s conftest.o
configure:4129: $? = 0
configure:4139: result: yes
configure:4143: checking malloc.h presence
configure:4153: gcc -E  conftest.c
configure:4159: $? = 0
configure:4179: result: yes
configure:4214: checking for malloc.h
configure:4221: result: yes
configure:4089: checking for memory.h
configure:4094: result: yes
configure:4089: checking for stdlib.h
configure:4094: result: yes
configure:4089: checking for string.h
configure:4094: result: yes
configure:4098: checking sys/ioctl.h usability
configure:4110: gcc -c -g -O2  conftest.c >&5
configure:4116: $? = 0
configure:4120: test -z 
			 || test ! -s conftest.err
configure:4123: $? = 0
configure:4126: test -s conftest.o
configure:4129: $? = 0
configure:4139: result: yes
configure:4143: checking sys/ioctl.h presence
configure:4153: gcc -E  conftest.c
configure:4159: $? = 0
configure:4179: result: yes
configure:4214: checking for sys/ioctl.h
configure:4221: result: yes
configure:4098: checking sys/socket.h usability
configure:4110: gcc -c -g -O2  conftest.c >&5
configure:4116: $? = 0
configure:4120: test -z 
			 || test ! -s conftest.err
configure:4123: $? = 0
configure:4126: test -s conftest.o
configure:4129: $? = 0
configure:4139: result: yes
configure:4143: checking sys/socket.h presence
configure:4153: gcc -E  conftest.c
configure:4159: $? = 0
configure:4179: result: yes
configure:4214: checking for sys/socket.h
configure:4221: result: yes
configure:4098: checking sys/time.h usability
configure:4110: gcc -c -g -O2  conftest.c >&5
configure:4116: $? = 0
configure:4120: test -z 
			 || test ! -s conftest.err
configure:4123: $? = 0
configure:4126: test -s conftest.o
configure:4129: $? = 0
configure:4139: result: yes
configure:4143: checking sys/time.h presence
configure:4153: gcc -E  conftest.c
configure:4159: $? = 0
configure:4179: result: yes
configure:4214: checking for sys/time.h
configure:4221: result: yes
configure:4089: checking for unistd.h
configure:4094: result: yes
configure:4236: checking for an ANSI C-conforming const
configure:4303: gcc -c -g -O2  conftest.c >&5
configure:4309: $? = 0
configure:4313: test -z 
			 || test ! -s conftest.err
configure:4316: $? = 0
configure:4319: test -s conftest.o
configure:4322: $? = 0
configure:4333: result: yes
configure:4343: checking for working volatile
configure:4366: gcc -c -g -O2  conftest.c >&5
configure:4372: $? = 0
configure:4376: test -z 
			 || test ! -s conftest.err
configure:4379: $? = 0
configure:4382: test -s conftest.o
configure:4385: $? = 0
configure:4396: result: yes
configure:4406: checking for size_t
configure:4430: gcc -c -g -O2  conftest.c >&5
configure:4436: $? = 0
configure:4440: test -z 
			 || test ! -s conftest.err
configure:4443: $? = 0
configure:4446: test -s conftest.o
configure:4449: $? = 0
configure:4460: result: yes
configure:4472: checking whether time.h and sys/time.h may both be included
configure:4497: gcc -c -g -O2  conftest.c >&5
configure:4503: $? = 0
configure:4507: test -z 
			 || test ! -s conftest.err
configure:4510: $? = 0
configure:4513: test -s conftest.o
configure:4516: $? = 0
configure:4527: result: yes
configure:4537: checking whether struct tm is in sys/time.h or time.h
configure:4560: gcc -c -g -O2  conftest.c >&5
configure:4566: $? = 0
configure:4570: test -z 
			 || test ! -s conftest.err
configure:4573: $? = 0
configure:4576: test -s conftest.o
configure:4579: $? = 0
configure:4590: result: time.h
configure:4603: checking whether gcc needs -traditional
configure:4645: result: no
configure:4652: checking for working memcmp
configure:4700: gcc -o conftest -g -O2   conftest.c -lm -lX11  >&5
configure:4703: $? = 0
configure:4705: ./conftest
configure:4708: $? = 0
configure:4722: result: yes
configure:4738: checking for stdlib.h
configure:4743: result: yes
configure:4883: checking for GNU libc compatible malloc
configure:4912: gcc -o conftest -g -O2   conftest.c -lm -lX11  >&5
configure:4915: $? = 0
configure:4917: ./conftest
configure:4920: $? = 0
configure:4934: result: yes
configure:4969: checking for stdlib.h
configure:4974: result: yes
configure:5114: checking for GNU libc compatible realloc
configure:5143: gcc -o conftest -g -O2   conftest.c -lm -lX11  >&5
configure:5146: $? = 0
configure:5148: ./conftest
configure:5151: $? = 0
configure:5165: result: yes
configure:5195: checking for working strtod
configure:5238: gcc -o conftest -g -O2   conftest.c -lm -lX11  >&5
conftest.c: In function 'main':
conftest.c:50:7: warning: incompatible implicit declaration of built-in function 'exit' [enabled by default]
       exit (1);
       ^
conftest.c:60:7: warning: incompatible implicit declaration of built-in function 'exit' [enabled by default]
       exit (1);
       ^
conftest.c:62:3: warning: incompatible implicit declaration of built-in function 'exit' [enabled by default]
   exit (0);
   ^
configure:5241: $? = 0
configure:5243: ./conftest
configure:5246: $? = 0
configure:5260: result: yes
configure:5438: checking return type of signal handlers
configure:5469: gcc -c -g -O2  conftest.c >&5
configure:5475: $? = 0
configure:5479: test -z 
			 || test ! -s conftest.err
configure:5482: $? = 0
configure:5485: test -s conftest.o
configure:5488: $? = 0
configure:5499: result: void
configure:5511: checking for vprintf
configure:5568: gcc -o conftest -g -O2   conftest.c -lm -lX11  >&5
conftest.c:63:6: warning: conflicting types for built-in function 'vprintf' [enabled by default]
 char vprintf ();
      ^
configure:5574: $? = 0
configure:5578: test -z 
			 || test ! -s conftest.err
configure:5581: $? = 0
configure:5584: test -s conftest
configure:5587: $? = 0
configure:5599: result: yes
configure:5606: checking for _doprnt
configure:5663: gcc -o conftest -g -O2   conftest.c -lm -lX11  >&5
/tmp/ccVPJSeK.o:(.data+0x0): undefined reference to `_doprnt'
/tmp/ccVPJSeK.o: In function `main':
/home/jy.yang/bin/htk/conftest.c:80: undefined reference to `_doprnt'
collect2: error: ld returned 1 exit status
configure:5669: $? = 1
configure: failed program was:
| /* confdefs.h.  */
| 
| #define PACKAGE_NAME "HTS"
| #define PACKAGE_TARNAME "hts"
| #define PACKAGE_VERSION "2.1"
| #define PACKAGE_STRING "HTS 2.1"
| #define PACKAGE_BUGREPORT "hts-users@sp.nitech.ac.jp"
| #define HAVE_LIBX11 1
| #define HAVE_LIBM 1
| #define STDC_HEADERS 1
| #define HAVE_SYS_TYPES_H 1
| #define HAVE_SYS_STAT_H 1
| #define HAVE_STDLIB_H 1
| #define HAVE_STRING_H 1
| #define HAVE_MEMORY_H 1
| #define HAVE_STRINGS_H 1
| #define HAVE_INTTYPES_H 1
| #define HAVE_STDINT_H 1
| #define HAVE_UNISTD_H 1
| #define HAVE_ERRNO_H 1
| #define HAVE_FCNTL_H 1
| #define HAVE_FLOAT_H 1
| #define HAVE_LIMITS_H 1
| #define HAVE_MALLOC_H 1
| #define HAVE_MEMORY_H 1
| #define HAVE_STDLIB_H 1
| #define HAVE_STRING_H 1
| #define HAVE_SYS_IOCTL_H 1
| #define HAVE_SYS_SOCKET_H 1
| #define HAVE_SYS_TIME_H 1
| #define HAVE_UNISTD_H 1
| #define TIME_WITH_SYS_TIME 1
| #define HAVE_STDLIB_H 1
| #define HAVE_MALLOC 1
| #define HAVE_STDLIB_H 1
| #define HAVE_REALLOC 1
| #define RETSIGTYPE void
| #define HAVE_VPRINTF 1
| /* end confdefs.h.  */
| /* Define _doprnt to an innocuous variant, in case <limits.h> declares _doprnt.
|    For example, HP-UX 11i <limits.h> declares gettimeofday.  */
| #define _doprnt innocuous__doprnt
| 
| /* System header to define __stub macros and hopefully few prototypes,
|     which can conflict with char _doprnt (); below.
|     Prefer <limits.h> to <assert.h> if __STDC__ is defined, since
|     <limits.h> exists even on freestanding compilers.  */
| 
| #ifdef __STDC__
| # include <limits.h>
| #else
| # include <assert.h>
| #endif
| 
| #undef _doprnt
| 
| /* Override any gcc2 internal prototype to avoid an error.  */
| #ifdef __cplusplus
| extern "C"
| {
| #endif
| /* We use char because int might match the return type of a gcc2
|    builtin and then its argument prototype would still apply.  */
| char _doprnt ();
| /* The GNU C library defines this for functions which it implements
|     to always fail with ENOSYS.  Some functions are actually named
|     something starting with __ and the normal name is an alias.  */
| #if defined (__stub__doprnt) || defined (__stub____doprnt)
| choke me
| #else
| char (*f) () = _doprnt;
| #endif
| #ifdef __cplusplus
| }
| #endif
| 
| int
| main ()
| {
| return f != _doprnt;
|   ;
|   return 0;
| }
configure:5694: result: no
configure:5708: checking for stdbool.h that conforms to C99
configure:5761: gcc -c -g -O2  conftest.c >&5
conftest.c:66:2: warning: variably modified 'd' at file scope [enabled by default]
  char d[(bool) -0.5 == true ? 1 : -1];
  ^
conftest.c:68:2: warning: variably modified 'f' at file scope [enabled by default]
  char f[(_Bool) -0.0 == false ? 1 : -1];
  ^
configure:5767: $? = 0
configure:5771: test -z 
			 || test ! -s conftest.err
configure:5774: $? = 0
configure:5777: test -s conftest.o
configure:5780: $? = 0
configure:5791: result: yes
configure:5793: checking for _Bool
configure:5817: gcc -c -g -O2  conftest.c >&5
configure:5823: $? = 0
configure:5827: test -z 
			 || test ! -s conftest.err
configure:5830: $? = 0
configure:5833: test -s conftest.o
configure:5836: $? = 0
configure:5847: result: yes
configure:5884: checking for floor
configure:5941: gcc -o conftest -g -O2   conftest.c -lm -lX11  >&5
conftest.c:66:6: warning: conflicting types for built-in function 'floor' [enabled by default]
 char floor ();
      ^
configure:5947: $? = 0
configure:5951: test -z 
			 || test ! -s conftest.err
configure:5954: $? = 0
configure:5957: test -s conftest
configure:5960: $? = 0
configure:5972: result: yes
configure:5884: checking for gettimeofday
configure:5941: gcc -o conftest -g -O2   conftest.c -lm -lX11  >&5
configure:5947: $? = 0
configure:5951: test -z 
			 || test ! -s conftest.err
configure:5954: $? = 0
configure:5957: test -s conftest
configure:5960: $? = 0
configure:5972: result: yes
configure:5884: checking for memmove
configure:5941: gcc -o conftest -g -O2   conftest.c -lm -lX11  >&5
conftest.c:68:6: warning: conflicting types for built-in function 'memmove' [enabled by default]
 char memmove ();
      ^
configure:5947: $? = 0
configure:5951: test -z 
			 || test ! -s conftest.err
configure:5954: $? = 0
configure:5957: test -s conftest
configure:5960: $? = 0
configure:5972: result: yes
configure:5884: checking for memset
configure:5941: gcc -o conftest -g -O2   conftest.c -lm -lX11  >&5
conftest.c:69:6: warning: conflicting types for built-in function 'memset' [enabled by default]
 char memset ();
      ^
configure:5947: $? = 0
configure:5951: test -z 
			 || test ! -s conftest.err
configure:5954: $? = 0
configure:5957: test -s conftest
configure:5960: $? = 0
configure:5972: result: yes
configure:5884: checking for modf
configure:5941: gcc -o conftest -g -O2   conftest.c -lm -lX11  >&5
conftest.c:70:6: warning: conflicting types for built-in function 'modf' [enabled by default]
 char modf ();
      ^
configure:5947: $? = 0
configure:5951: test -z 
			 || test ! -s conftest.err
configure:5954: $? = 0
configure:5957: test -s conftest
configure:5960: $? = 0
configure:5972: result: yes
configure:5884: checking for pow
configure:5941: gcc -o conftest -g -O2   conftest.c -lm -lX11  >&5
conftest.c:71:6: warning: conflicting types for built-in function 'pow' [enabled by default]
 char pow ();
      ^
configure:5947: $? = 0
configure:5951: test -z 
			 || test ! -s conftest.err
configure:5954: $? = 0
configure:5957: test -s conftest
configure:5960: $? = 0
configure:5972: result: yes
configure:5884: checking for socket
configure:5941: gcc -o conftest -g -O2   conftest.c -lm -lX11  >&5
configure:5947: $? = 0
configure:5951: test -z 
			 || test ! -s conftest.err
configure:5954: $? = 0
configure:5957: test -s conftest
configure:5960: $? = 0
configure:5972: result: yes
configure:5884: checking for sqrt
configure:5941: gcc -o conftest -g -O2   conftest.c -lm -lX11  >&5
conftest.c:73:6: warning: conflicting types for built-in function 'sqrt' [enabled by default]
 char sqrt ();
      ^
configure:5947: $? = 0
configure:5951: test -z 
			 || test ! -s conftest.err
configure:5954: $? = 0
configure:5957: test -s conftest
configure:5960: $? = 0
configure:5972: result: yes
configure:5884: checking for strchr
configure:5941: gcc -o conftest -g -O2   conftest.c -lm -lX11  >&5
conftest.c:74:6: warning: conflicting types for built-in function 'strchr' [enabled by default]
 char strchr ();
      ^
configure:5947: $? = 0
configure:5951: test -z 
			 || test ! -s conftest.err
configure:5954: $? = 0
configure:5957: test -s conftest
configure:5960: $? = 0
configure:5972: result: yes
configure:5884: checking for strcspn
configure:5941: gcc -o conftest -g -O2   conftest.c -lm -lX11  >&5
conftest.c:75:6: warning: conflicting types for built-in function 'strcspn' [enabled by default]
 char strcspn ();
      ^
configure:5947: $? = 0
configure:5951: test -z 
			 || test ! -s conftest.err
configure:5954: $? = 0
configure:5957: test -s conftest
configure:5960: $? = 0
configure:5972: result: yes
configure:5884: checking for strrchr
configure:5941: gcc -o conftest -g -O2   conftest.c -lm -lX11  >&5
conftest.c:76:6: warning: conflicting types for built-in function 'strrchr' [enabled by default]
 char strrchr ();
      ^
configure:5947: $? = 0
configure:5951: test -z 
			 || test ! -s conftest.err
configure:5954: $? = 0
configure:5957: test -s conftest
configure:5960: $? = 0
configure:5972: result: yes
configure:5884: checking for strspn
configure:5941: gcc -o conftest -g -O2   conftest.c -lm -lX11  >&5
conftest.c:77:6: warning: conflicting types for built-in function 'strspn' [enabled by default]
 char strspn ();
      ^
configure:5947: $? = 0
configure:5951: test -z 
			 || test ! -s conftest.err
configure:5954: $? = 0
configure:5957: test -s conftest
configure:5960: $? = 0
configure:5972: result: yes
configure:5884: checking for strstr
configure:5941: gcc -o conftest -g -O2   conftest.c -lm -lX11  >&5
conftest.c:78:6: warning: conflicting types for built-in function 'strstr' [enabled by default]
 char strstr ();
      ^
configure:5947: $? = 0
configure:5951: test -z 
			 || test ! -s conftest.err
configure:5954: $? = 0
configure:5957: test -s conftest
configure:5960: $? = 0
configure:5972: result: yes
configure:5884: checking for strtol
configure:5941: gcc -o conftest -g -O2   conftest.c -lm -lX11  >&5
configure:5947: $? = 0
configure:5951: test -z 
			 || test ! -s conftest.err
configure:5954: $? = 0
configure:5957: test -s conftest
configure:5960: $? = 0
configure:5972: result: yes
configure:5884: checking for strdup
configure:5941: gcc -o conftest -g -O2   conftest.c -lm -lX11  >&5
conftest.c:80:6: warning: conflicting types for built-in function 'strdup' [enabled by default]
 char strdup ();
      ^
configure:5947: $? = 0
configure:5951: test -z 
			 || test ! -s conftest.err
configure:5954: $? = 0
configure:5957: test -s conftest
configure:5960: $? = 0
configure:5972: result: yes
configure:5990: checking build system type
configure:6008: result: x86_64-unknown-linux-gnu
configure:6016: checking host system type
configure:6030: result: x86_64-unknown-linux-gnu
configure:6038: checking whether byte ordering is bigendian
configure:6065: gcc -c -g -O2  conftest.c >&5
configure:6071: $? = 0
configure:6075: test -z 
			 || test ! -s conftest.err
configure:6078: $? = 0
configure:6081: test -s conftest.o
configure:6084: $? = 0
configure:6108: gcc -c -g -O2  conftest.c >&5
conftest.c: In function 'main':
conftest.c:64:2: error: unknown type name 'not'
  not big endian
  ^
conftest.c:64:10: error: expected '=', ',', ';', 'asm' or '__attribute__' before 'endian'
  not big endian
          ^
configure:6114: $? = 1
configure: failed program was:
| /* confdefs.h.  */
| 
| #define PACKAGE_NAME "HTS"
| #define PACKAGE_TARNAME "hts"
| #define PACKAGE_VERSION "2.1"
| #define PACKAGE_STRING "HTS 2.1"
| #define PACKAGE_BUGREPORT "hts-users@sp.nitech.ac.jp"
| #define HAVE_LIBX11 1
| #define HAVE_LIBM 1
| #define STDC_HEADERS 1
| #define HAVE_SYS_TYPES_H 1
| #define HAVE_SYS_STAT_H 1
| #define HAVE_STDLIB_H 1
| #define HAVE_STRING_H 1
| #define HAVE_MEMORY_H 1
| #define HAVE_STRINGS_H 1
| #define HAVE_INTTYPES_H 1
| #define HAVE_STDINT_H 1
| #define HAVE_UNISTD_H 1
| #define HAVE_ERRNO_H 1
| #define HAVE_FCNTL_H 1
| #define HAVE_FLOAT_H 1
| #define HAVE_LIMITS_H 1
| #define HAVE_MALLOC_H 1
| #define HAVE_MEMORY_H 1
| #define HAVE_STDLIB_H 1
| #define HAVE_STRING_H 1
| #define HAVE_SYS_IOCTL_H 1
| #define HAVE_SYS_SOCKET_H 1
| #define HAVE_SYS_TIME_H 1
| #define HAVE_UNISTD_H 1
| #define TIME_WITH_SYS_TIME 1
| #define HAVE_STDLIB_H 1
| #define HAVE_MALLOC 1
| #define HAVE_STDLIB_H 1
| #define HAVE_REALLOC 1
| #define RETSIGTYPE void
| #define HAVE_VPRINTF 1
| #define HAVE__BOOL 1
| #define HAVE_STDBOOL_H 1
| #define HAVE_FLOOR 1
| #define HAVE_GETTIMEOFDAY 1
| #define HAVE_MEMMOVE 1
| #define HAVE_MEMSET 1
| #define HAVE_MODF 1
| #define HAVE_POW 1
| #define HAVE_SOCKET 1
| #define HAVE_SQRT 1
| #define HAVE_STRCHR 1
| #define HAVE_STRCSPN 1
| #define HAVE_STRRCHR 1
| #define HAVE_STRSPN 1
| #define HAVE_STRSTR 1
| #define HAVE_STRTOL 1
| #define HAVE_STRDUP 1
| /* end confdefs.h.  */
| #include <sys/types.h>
| #include <sys/param.h>
| 
| int
| main ()
| {
| #if BYTE_ORDER != BIG_ENDIAN
|  not big endian
| #endif
| 
|   ;
|   return 0;
| }
configure:6249: result: no
configure:6268: checking for int *
configure:6292: gcc -c -g -O2  conftest.c >&5
configure:6298: $? = 0
configure:6302: test -z 
			 || test ! -s conftest.err
configure:6305: $? = 0
configure:6308: test -s conftest.o
configure:6311: $? = 0
configure:6322: result: yes
configure:6325: checking size of int *
configure:6644: gcc -o conftest -g -O2   conftest.c -lm -lX11  >&5
configure:6647: $? = 0
configure:6649: ./conftest
configure:6652: $? = 0
configure:6675: result: 8
configure:6747: checking whether to compile in 32-bit or 64-bit mode
configure:6754: result: 64-bit
configure:7045: creating ./config.status

## ---------------------- ##
## Running config.status. ##
## ---------------------- ##

This file was extended by HTS config.status 2.1, which was
generated by GNU Autoconf 2.59.  Invocation command line was

  CONFIG_FILES    = 
  CONFIG_HEADERS  = 
  CONFIG_LINKS    = 
  CONFIG_COMMANDS = 
  $ ./config.status 

on NLP16

config.status:680: creating HTKLib/Makefile
config.status:680: creating HTKTools/Makefile
config.status:680: creating HLMLib/Makefile
config.status:680: creating HLMTools/Makefile
config.status:680: creating HTKLVRec/Makefile
config.status:680: creating Makefile

## ---------------- ##
## Cache variables. ##
## ---------------- ##

ac_cv_build=x86_64-unknown-linux-gnu
ac_cv_build_alias=x86_64-unknown-linux-gnu
ac_cv_c_bigendian=no
ac_cv_c_compiler_gnu=yes
ac_cv_c_const=yes
ac_cv_c_volatile=yes
ac_cv_env_CC_set=
ac_cv_env_CC_value=
ac_cv_env_CFLAGS_set=
ac_cv_env_CFLAGS_value=
ac_cv_env_CPPFLAGS_set=
ac_cv_env_CPPFLAGS_value=
ac_cv_env_CPP_set=
ac_cv_env_CPP_value=
ac_cv_env_F77_set=
ac_cv_env_F77_value=
ac_cv_env_FFLAGS_set=
ac_cv_env_FFLAGS_value=
ac_cv_env_LDFLAGS_set=
ac_cv_env_LDFLAGS_value=
ac_cv_env_MAXFNAMELEN_set=
ac_cv_env_MAXFNAMELEN_value=
ac_cv_env_MAXSTRLEN_set=
ac_cv_env_MAXSTRLEN_value=
ac_cv_env_PAT_LEN_set=
ac_cv_env_PAT_LEN_value=
ac_cv_env_SMAX_set=
ac_cv_env_SMAX_value=
ac_cv_env_build_alias_set=
ac_cv_env_build_alias_value=
ac_cv_env_host_alias_set=
ac_cv_env_host_alias_value=
ac_cv_env_target_alias_set=
ac_cv_env_target_alias_value=
ac_cv_exeext=
ac_cv_f77_compiler_gnu=no
ac_cv_func__doprnt=no
ac_cv_func_floor=yes
ac_cv_func_gettimeofday=yes
ac_cv_func_malloc_0_nonnull=yes
ac_cv_func_memcmp_working=yes
ac_cv_func_memmove=yes
ac_cv_func_memset=yes
ac_cv_func_modf=yes
ac_cv_func_pow=yes
ac_cv_func_realloc_0_nonnull=yes
ac_cv_func_socket=yes
ac_cv_func_sqrt=yes
ac_cv_func_strchr=yes
ac_cv_func_strcspn=yes
ac_cv_func_strdup=yes
ac_cv_func_strrchr=yes
ac_cv_func_strspn=yes
ac_cv_func_strstr=yes
ac_cv_func_strtod=yes
ac_cv_func_strtol=yes
ac_cv_func_vprintf=yes
ac_cv_have_x='have_x=yes 		ac_x_includes= ac_x_libraries='
ac_cv_header_errno_h=yes
ac_cv_header_fcntl_h=yes
ac_cv_header_float_h=yes
ac_cv_header_inttypes_h=yes
ac_cv_header_limits_h=yes
ac_cv_header_malloc_h=yes
ac_cv_header_memory_h=yes
ac_cv_header_stdbool_h=yes
ac_cv_header_stdc=yes
ac_cv_header_stdint_h=yes
ac_cv_header_stdlib_h=yes
ac_cv_header_string_h=yes
ac_cv_header_strings_h=yes
ac_cv_header_sys_ioctl_h=yes
ac_cv_header_sys_socket_h=yes
ac_cv_header_sys_stat_h=yes
ac_cv_header_sys_time_h=yes
ac_cv_header_sys_types_h=yes
ac_cv_header_time=yes
ac_cv_header_unistd_h=yes
ac_cv_host=x86_64-unknown-linux-gnu
ac_cv_host_alias=x86_64-unknown-linux-gnu
ac_cv_lib_X11_main=yes
ac_cv_lib_m_main=yes
ac_cv_objext=o
ac_cv_path_install='/usr/bin/install -c'
ac_cv_prog_AWK=gawk
ac_cv_prog_CPP='gcc -E'
ac_cv_prog_ac_ct_AR=ar
ac_cv_prog_ac_ct_CC=gcc
ac_cv_prog_ac_ct_RANLIB=ranlib
ac_cv_prog_cc_g=yes
ac_cv_prog_cc_stdc=
ac_cv_prog_egrep='grep -E'
ac_cv_prog_f77_g=no
ac_cv_prog_gcc_traditional=no
ac_cv_prog_make_make_set=yes
ac_cv_sizeof_int_p=8
ac_cv_struct_tm=time.h
ac_cv_type__Bool=yes
ac_cv_type_int_p=yes
ac_cv_type_signal=void
ac_cv_type_size_t=yes

## ----------------- ##
## Output variables. ##
## ----------------- ##

AR='ar'
AWK='gawk'
BINARY_EXTENSION=''
CC='gcc'
CFLAGS='-ansi -D_SVID_SOURCE -DOSS_AUDIO -D'ARCH="x86_64"' -Wall -Wno-switch -g -O2'
CPP='gcc -E'
CPPFLAGS=''
DEFS='-DPACKAGE_NAME=\"HTS\" -DPACKAGE_TARNAME=\"hts\" -DPACKAGE_VERSION=\"2.1\" -DPACKAGE_STRING=\"HTS\ 2.1\" -DPACKAGE_BUGREPORT=\"hts-users@sp.nitech.ac.jp\" -DHAVE_LIBX11=1 -DHAVE_LIBM=1 -DSTDC_HEADERS=1 -DHAVE_SYS_TYPES_H=1 -DHAVE_SYS_STAT_H=1 -DHAVE_STDLIB_H=1 -DHAVE_STRING_H=1 -DHAVE_MEMORY_H=1 -DHAVE_STRINGS_H=1 -DHAVE_INTTYPES_H=1 -DHAVE_STDINT_H=1 -DHAVE_UNISTD_H=1 -DHAVE_ERRNO_H=1 -DHAVE_FCNTL_H=1 -DHAVE_FLOAT_H=1 -DHAVE_LIMITS_H=1 -DHAVE_MALLOC_H=1 -DHAVE_MEMORY_H=1 -DHAVE_STDLIB_H=1 -DHAVE_STRING_H=1 -DHAVE_SYS_IOCTL_H=1 -DHAVE_SYS_SOCKET_H=1 -DHAVE_SYS_TIME_H=1 -DHAVE_UNISTD_H=1 -DTIME_WITH_SYS_TIME=1 -DHAVE_STDLIB_H=1 -DHAVE_MALLOC=1 -DHAVE_STDLIB_H=1 -DHAVE_REALLOC=1 -DRETSIGTYPE=void -DHAVE_VPRINTF=1 -DHAVE__BOOL=1 -DHAVE_STDBOOL_H=1 -DHAVE_FLOOR=1 -DHAVE_GETTIMEOFDAY=1 -DHAVE_MEMMOVE=1 -DHAVE_MEMSET=1 -DHAVE_MODF=1 -DHAVE_POW=1 -DHAVE_SOCKET=1 -DHAVE_SQRT=1 -DHAVE_STRCHR=1 -DHAVE_STRCSPN=1 -DHAVE_STRRCHR=1 -DHAVE_STRSPN=1 -DHAVE_STRSTR=1 -DHAVE_STRTOL=1 -DHAVE_STRDUP=1 -DSIZEOF_INT_P=8 '
ECHO_C=''
ECHO_N='-n'
ECHO_T=''
EGREP='grep -E'
EXEEXT=''
F77=''
FFLAGS=''
FLIBS=''
HGRAF='HGraf.o'
HSLAB='HSLab'
INSTALL_DATA='${INSTALL} -m 644'
INSTALL_PROGRAM='${INSTALL}'
INSTALL_SCRIPT='${INSTALL}'
LBFGS=''
LDFLAGS='-L/usr/X11R6/lib64 '
LIBLV=''
LIBOBJS=''
LIBS='-lm -lX11 '
LN_S='ln -s'
LTLIBOBJS=''
MAXFNAMELEN=''
MAXSTRLEN=''
OBJEXT='o'
PACKAGE_BUGREPORT='hts-users@sp.nitech.ac.jp'
PACKAGE_NAME='HTS'
PACKAGE_STRING='HTS 2.1'
PACKAGE_TARNAME='hts'
PACKAGE_VERSION='2.1'
PATH_SEPARATOR=':'
PAT_LEN=''
POW_LIB=''
RANLIB='ranlib'
SET_MAKE=''
SHELL='/bin/bash'
SMAX=''
TRADHTK=''
TRADHTKBIN='linux'
ac_ct_AR='ar'
ac_ct_CC='gcc'
ac_ct_F77=''
ac_ct_RANLIB='ranlib'
bindir='${exec_prefix}/bin'
build='x86_64-unknown-linux-gnu'
build_alias=''
build_cpu='x86_64'
build_os='linux-gnu'
build_vendor='unknown'
datadir='${prefix}/share'
exec_prefix='${prefix}'
host='x86_64-unknown-linux-gnu'
host_alias=''
host_cpu='x86_64'
host_os='linux-gnu'
host_vendor='unknown'
includedir='${prefix}/include'
infodir='${prefix}/info'
libdir='${exec_prefix}/lib'
libexecdir='${exec_prefix}/libexec'
localstatedir='${prefix}/var'
make_all='htktools'
make_install='install-htktools'
mandir='${prefix}/man'
oldincludedir='/usr/include'
prefix='/home/jy.yang/bin/HTS-2.1.1'
program_transform_name='s,x,x,'
sbindir='${exec_prefix}/sbin'
sharedstatedir='${prefix}/com'
sysconfdir='${prefix}/etc'
target_alias=''

## ----------- ##
## confdefs.h. ##
## ----------- ##

#define HAVE_ERRNO_H 1
#define HAVE_FCNTL_H 1
#define HAVE_FLOAT_H 1
#define HAVE_FLOOR 1
#define HAVE_GETTIMEOFDAY 1
#define HAVE_INTTYPES_H 1
#define HAVE_LIBM 1
#define HAVE_LIBX11 1
#define HAVE_LIMITS_H 1
#define HAVE_MALLOC 1
#define HAVE_MALLOC_H 1
#define HAVE_MEMMOVE 1
#define HAVE_MEMORY_H 1
#define HAVE_MEMORY_H 1
#define HAVE_MEMSET 1
#define HAVE_MODF 1
#define HAVE_POW 1
#define HAVE_REALLOC 1
#define HAVE_SOCKET 1
#define HAVE_SQRT 1
#define HAVE_STDBOOL_H 1
#define HAVE_STDINT_H 1
#define HAVE_STDLIB_H 1
#define HAVE_STDLIB_H 1
#define HAVE_STDLIB_H 1
#define HAVE_STDLIB_H 1
#define HAVE_STRCHR 1
#define HAVE_STRCSPN 1
#define HAVE_STRDUP 1
#define HAVE_STRINGS_H 1
#define HAVE_STRING_H 1
#define HAVE_STRING_H 1
#define HAVE_STRRCHR 1
#define HAVE_STRSPN 1
#define HAVE_STRSTR 1
#define HAVE_STRTOL 1
#define HAVE_SYS_IOCTL_H 1
#define HAVE_SYS_SOCKET_H 1
#define HAVE_SYS_STAT_H 1
#define HAVE_SYS_TIME_H 1
#define HAVE_SYS_TYPES_H 1
#define HAVE_UNISTD_H 1
#define HAVE_UNISTD_H 1
#define HAVE_VPRINTF 1
#define HAVE__BOOL 1
#define PACKAGE_BUGREPORT "hts-users@sp.nitech.ac.jp"
#define PACKAGE_NAME "HTS"
#define PACKAGE_STRING "HTS 2.1"
#define PACKAGE_TARNAME "hts"
#define PACKAGE_VERSION "2.1"
#define RETSIGTYPE void
#define SIZEOF_INT_P 8
#define STDC_HEADERS 1
#define TIME_WITH_SYS_TIME 1

configure: exit 0
